[2023-09-29T11:52:39.167Z] ERROR vidhis-macbook-air.local-95852/BROKER: Failed to load service '/Users/vidhikataria/Desktop/react-india-demo/.glue/__generated__/services/gateway/src/gateway/services/dbclient.service.js' Error: @prisma/client did not initialize yet. Please run "prisma generate" and try to import it again.
In case this error is unexpected for you, please report it in https://github.com/prisma/prisma/issues
    at new PrismaClient (/Users/vidhikataria/Desktop/react-india-demo/.glue/__generated__/services/gateway/src/node_modules/.prisma/client/index.js:43:11)
    at Service.created (/Users/vidhikataria/Desktop/react-india-demo/.glue/__generated__/services/gateway/src/gateway/services/dbclient.service.js:85:55)
    at Service._init (/Users/vidhikataria/Desktop/react-india-demo/.glue/__generated__/services/gateway/src/node_modules/moleculer/src/service.js:264:24)
    at Service.parseServiceSchema (/Users/vidhikataria/Desktop/react-india-demo/.glue/__generated__/services/gateway/src/node_modules/moleculer/src/service.js:239:8)
    at new Service (/Users/vidhikataria/Desktop/react-india-demo/.glue/__generated__/services/gateway/src/node_modules/moleculer/src/service.js:64:20)
    at ServiceBroker.createService (/Users/vidhikataria/Desktop/react-india-demo/.glue/__generated__/services/gateway/src/node_modules/moleculer/src/service-broker.js:834:14)
    at ServiceBroker.loadService (/Users/vidhikataria/Desktop/react-india-demo/.glue/__generated__/services/gateway/src/node_modules/moleculer/src/service-broker.js:799:16)
    at /Users/vidhikataria/Desktop/react-india-demo/.glue/__generated__/services/gateway/src/node_modules/moleculer/src/runner.js:438:50
    at Array.forEach (<anonymous>)
    at MoleculerRunner.loadServices (/Users/vidhikataria/Desktop/react-india-demo/.glue/__generated__/services/gateway/src/node_modules/moleculer/src/runner.js:438:25)
[Runner] @prisma/client did not initialize yet. Please run "prisma generate" and try to import it again.
In case this error is unexpected for you, please report it in https://github.com/prisma/prisma/issues Error: @prisma/client did not initialize yet. Please run "prisma generate" and try to import it again.
In case this error is unexpected for you, please report it in https://github.com/prisma/prisma/issues
    at new PrismaClient (/Users/vidhikataria/Desktop/react-india-demo/.glue/__generated__/services/gateway/src/node_modules/.prisma/client/index.js:43:11)
    at Service.created (/Users/vidhikataria/Desktop/react-india-demo/.glue/__generated__/services/gateway/src/gateway/services/dbclient.service.js:85:55)
    at Service._init (/Users/vidhikataria/Desktop/react-india-demo/.glue/__generated__/services/gateway/src/node_modules/moleculer/src/service.js:264:24)
    at Service.parseServiceSchema (/Users/vidhikataria/Desktop/react-india-demo/.glue/__generated__/services/gateway/src/node_modules/moleculer/src/service.js:239:8)
    at new Service (/Users/vidhikataria/Desktop/react-india-demo/.glue/__generated__/services/gateway/src/node_modules/moleculer/src/service.js:64:20)
    at ServiceBroker.createService (/Users/vidhikataria/Desktop/react-india-demo/.glue/__generated__/services/gateway/src/node_modules/moleculer/src/service-broker.js:834:14)
    at ServiceBroker.loadService (/Users/vidhikataria/Desktop/react-india-demo/.glue/__generated__/services/gateway/src/node_modules/moleculer/src/service-broker.js:799:16)
    at /Users/vidhikataria/Desktop/react-india-demo/.glue/__generated__/services/gateway/src/node_modules/moleculer/src/runner.js:438:50
    at Array.forEach (<anonymous>)
    at MoleculerRunner.loadServices (/Users/vidhikataria/Desktop/react-india-demo/.glue/__generated__/services/gateway/src/node_modules/moleculer/src/runner.js:438:25)
npm ERR! Lifecycle script `dev` failed with error: 
npm ERR! Error: command failed 
npm ERR!   in workspace: @project/gateway@1.0.0 
npm ERR!   at location: /Users/vidhikataria/Desktop/react-india-demo/.glue/__generated__/services/gateway/src/gateway 
